<?xml version="1.0" encoding="UTF-8"?>
<!-- Generated by org.testng.reporters.JUnitReportReporter -->
<testsuite hostname="DESKTOP-E8N5P9E" failures="0" tests="1" name="TestNGPackage.KitePOMPackTestNG" time="5.301" errors="0" timestamp="2022-04-01T19:41:41 IST" skipped="0">
  <testcase classname="TestNGPackage.KitePOMPackTestNG" name="validateUserID" time="5.301"/>
  <system-out>
    <![CDATA[Validating UserIds]]>
  </system-out>
</testsuite> <!-- TestNGPackage.KitePOMPackTestNG -->
