<?xml version="1.0" encoding="UTF-8"?>
<!-- Generated by org.testng.reporters.JUnitReportReporter -->
<testsuite hostname="DESKTOP-E8N5P9E" failures="0" tests="1" name="VerificationUsingTestNG_Assert.FalseAssert" time="9.991" errors="0" timestamp="2022-04-01T17:45:18 IST" skipped="0">
  <testcase classname="VerificationUsingTestNG_Assert.FalseAssert" name="f" time="9.991"/>
  <system-out/>
</testsuite> <!-- VerificationUsingTestNG_Assert.FalseAssert -->
