<?xml version="1.0" encoding="UTF-8"?>
<!-- Generated by org.testng.reporters.JUnitReportReporter -->
<testsuite hostname="DESKTOP-E8N5P9E" failures="0" tests="1" name="TestNGPackage.ValidateLoginErrors" time="3.227" errors="0" timestamp="2022-04-05T23:31:40 IST" skipped="0">
  <testcase classname="TestNGPackage.ValidateLoginErrors" name="validateLoginErrorMsgs" time="3.227"/>
  <system-out>
    <![CDATA[TC is passed]]>
  </system-out>
</testsuite> <!-- TestNGPackage.ValidateLoginErrors -->
