<?xml version="1.0" encoding="UTF-8"?>
<!-- Generated by org.testng.reporters.JUnitReportReporter -->
<testsuite hostname="DESKTOP-E8N5P9E" failures="0" tests="1" name="VerificationUsingTestNG_Assert.AssertEquals_NotEquals" time="0.015" errors="0" timestamp="2022-04-01T19:38:48 IST" skipped="0">
  <testcase classname="VerificationUsingTestNG_Assert.AssertEquals_NotEquals" name="f" time="0.015"/>
  <system-out/>
</testsuite> <!-- VerificationUsingTestNG_Assert.AssertEquals_NotEquals -->
