<?xml version="1.0" encoding="UTF-8"?>
<!-- Generated by org.testng.reporters.JUnitReportReporter -->
<testsuite hostname="DESKTOP-E8N5P9E" failures="0" tests="1" name="VerificationUsingTestNG_Assert.Test1" time="13.319" errors="0" timestamp="2022-04-01T17:20:44 IST" skipped="0">
  <testcase classname="VerificationUsingTestNG_Assert.Test1" name="f" time="13.319"/>
  <system-out>
    <![CDATA[TC is failed]]>
  </system-out>
</testsuite> <!-- VerificationUsingTestNG_Assert.Test1 -->
