<?xml version="1.0" encoding="UTF-8"?>
<!-- Generated by org.testng.reporters.JUnitReportReporter -->
<testsuite hostname="DESKTOP-E8N5P9E" failures="0" tests="3" name="listenersStudy.AnotherListener" time="0.020" errors="0" timestamp="2022-04-09T18:31:30 IST" skipped="0">
  <testcase classname="listenersStudy.AnotherListener" name="d" time="0.008"/>
  <system-out>
    <![CDATA[Test case started successfully
Test case successfully completed]]>
  </system-out>
  <testcase classname="listenersStudy.AnotherListener" name="e" time="0.005"/>
  <system-out>
    <![CDATA[Test case started successfully
Test case successfully completed]]>
  </system-out>
  <testcase classname="listenersStudy.AnotherListener" name="f" time="0.007"/>
  <system-out>
    <![CDATA[Test case started successfully
Test case successfully completed]]>
  </system-out>
</testsuite> <!-- listenersStudy.AnotherListener -->
