<?xml version="1.0" encoding="UTF-8"?>
<!-- Generated by org.testng.reporters.JUnitReportReporter -->
<testsuite hostname="DESKTOP-E8N5P9E" failures="0" tests="1" name="kiteUsingProperties.KiteUsingProperties" time="3.197" errors="0" timestamp="2022-04-10T23:57:07 IST" skipped="0">
  <testcase classname="kiteUsingProperties.KiteUsingProperties" name="ValidateUser" time="3.197"/>
  <system-out>
    <![CDATA[Validating UserID, Please wait
Validated UserID successfully]]>
  </system-out>
</testsuite> <!-- kiteUsingProperties.KiteUsingProperties -->
